    1Call
    2C                                                                   0
 -1    1  0.0000e+00  0.0000e+00  0.0000e+00
 -1    2  1.0000e+01  0.0000e+00  0.0000e+00
 -1    3  2.0000e+01  0.0000e+00  0.0000e+00
 -1    4  2.5000e+01  0.0000e+00  0.0000e+00
 -1    5  2.2500e+01  0.0000e+00  0.0000e+00
 -1    6  3.0000e+01  0.0000e+00  0.0000e+00
 -1    7  2.7500e+01  0.0000e+00  0.0000e+00
 -1    8  4.0000e+01  0.0000e+00  0.0000e+00
 -1    9  5.0000e+01  0.0000e+00  0.0000e+00
 -1   10  4.0000e+01  1.0000e+01  0.0000e+00
 -1   11  5.0000e+01  1.0000e+01  0.0000e+00
 -1   12  6.0000e+01  0.0000e+00  0.0000e+00
 -1   13  7.0000e+01  0.0000e+00  0.0000e+00
 -1   14  7.0000e+01  1.0000e+01  0.0000e+00
 -1   15  6.0000e+01  1.0000e+01  0.0000e+00
 -1   16  8.0000e+01  0.0000e+00  0.0000e+00
 -1   17  9.0000e+01  0.0000e+00  0.0000e+00
 -1   18  8.0000e+01  1.0000e+01  0.0000e+00
 -1   19  8.5000e+01  0.0000e+00  0.0000e+00
 -1   20  8.5000e+01  5.0000e+00  0.0000e+00
 -1   21  8.0000e+01  5.0000e+00  0.0000e+00
 -1   22  9.0000e+01  1.0000e+01  0.0000e+00
 -1   23  9.0000e+01  5.0000e+00  0.0000e+00
 -1   24  8.5000e+01  1.0000e+01  0.0000e+00
 -1   25  1.0000e+02  0.0000e+00  0.0000e+00
 -1   26  1.1000e+02  0.0000e+00  0.0000e+00
 -1   27  1.1000e+02  1.0000e+01  0.0000e+00
 -1   28  1.0000e+02  1.0000e+01  0.0000e+00
 -1   29  1.0500e+02  0.0000e+00  0.0000e+00
 -1   30  1.1000e+02  5.0000e+00  0.0000e+00
 -1   31  1.0500e+02  1.0000e+01  0.0000e+00
 -1   32  1.0000e+02  5.0000e+00  0.0000e+00
 -1   33  1.2500e+02  0.0000e+00  0.0000e+00
 -1   34  1.3000e+02  5.0000e+00  0.0000e+00
 -1   35  1.2500e+02  1.0000e+01  0.0000e+00
 -1   36  1.3000e+02  0.0000e+00  0.0000e+00
 -1   37  1.3000e+02  1.0000e+01  0.0000e+00
 -1   38  1.2000e+02  1.0000e+01  0.0000e+00
 -1   39  1.2000e+02  5.0000e+00  0.0000e+00
 -1   40  1.2000e+02  0.0000e+00  0.0000e+00
 -1   41  1.2500e+02  0.0000e+00  1.0000e+01
 -1   42  1.3000e+02  5.0000e+00  1.0000e+01
 -1   43  1.2500e+02  1.0000e+01  1.0000e+01
 -1   44  1.3000e+02  0.0000e+00  1.0000e+01
 -1   45  1.3000e+02  1.0000e+01  1.0000e+01
 -1   46  1.2000e+02  1.0000e+01  1.0000e+01
 -1   47  1.2000e+02  5.0000e+00  1.0000e+01
 -1   48  1.2000e+02  0.0000e+00  1.0000e+01
 -1   49  1.2000e+02  0.0000e+00  5.0000e+00
 -1   50  1.3000e+02  0.0000e+00  5.0000e+00
 -1   51  1.3000e+02  1.0000e+01  5.0000e+00
 -1   52  1.2000e+02  1.0000e+01  5.0000e+00
 -1   53  1.8500e+02  0.0000e+00  0.0000e+00
 -1   54  1.9000e+02  5.0000e+00  0.0000e+00
 -1   55  1.8500e+02  1.0000e+01  0.0000e+00
 -1   56  1.8750e+02  2.5000e+00  0.0000e+00
 -1   57  1.8750e+02  7.5000e+00  0.0000e+00
 -1   58  1.8500e+02  5.0000e+00  0.0000e+00
 -1   59  1.9000e+02  0.0000e+00  0.0000e+00
 -1   60  1.8750e+02  0.0000e+00  0.0000e+00
 -1   61  1.9000e+02  2.5000e+00  0.0000e+00
 -1   62  1.9000e+02  1.0000e+01  0.0000e+00
 -1   63  1.9000e+02  7.5000e+00  0.0000e+00
 -1   64  1.8750e+02  1.0000e+01  0.0000e+00
 -1   65  1.8000e+02  1.0000e+01  0.0000e+00
 -1   66  1.8000e+02  5.0000e+00  0.0000e+00
 -1   67  1.8250e+02  1.0000e+01  0.0000e+00
 -1   68  1.8000e+02  7.5000e+00  0.0000e+00
 -1   69  1.8250e+02  7.5000e+00  0.0000e+00
 -1   70  1.8000e+02  0.0000e+00  0.0000e+00
 -1   71  1.8250e+02  0.0000e+00  0.0000e+00
 -1   72  1.8250e+02  2.5000e+00  0.0000e+00
 -1   73  1.8000e+02  2.5000e+00  0.0000e+00
 -1   74  1.8500e+02  0.0000e+00  1.0000e+01
 -1   75  1.9000e+02  5.0000e+00  1.0000e+01
 -1   76  1.8500e+02  1.0000e+01  1.0000e+01
 -1   77  1.8750e+02  2.5000e+00  1.0000e+01
 -1   78  1.8750e+02  7.5000e+00  1.0000e+01
 -1   79  1.8500e+02  5.0000e+00  1.0000e+01
 -1   80  1.9000e+02  0.0000e+00  1.0000e+01
 -1   81  1.8750e+02  0.0000e+00  1.0000e+01
 -1   82  1.9000e+02  2.5000e+00  1.0000e+01
 -1   83  1.9000e+02  1.0000e+01  1.0000e+01
 -1   84  1.9000e+02  7.5000e+00  1.0000e+01
 -1   85  1.8750e+02  1.0000e+01  1.0000e+01
 -1   86  1.8000e+02  1.0000e+01  1.0000e+01
 -1   87  1.8000e+02  5.0000e+00  1.0000e+01
 -1   88  1.8250e+02  1.0000e+01  1.0000e+01
 -1   89  1.8000e+02  7.5000e+00  1.0000e+01
 -1   90  1.8250e+02  7.5000e+00  1.0000e+01
 -1   91  1.8000e+02  0.0000e+00  1.0000e+01
 -1   92  1.8250e+02  0.0000e+00  1.0000e+01
 -1   93  1.8250e+02  2.5000e+00  1.0000e+01
 -1   94  1.8000e+02  2.5000e+00  1.0000e+01
 -1   95  1.8000e+02  0.0000e+00  5.0000e+00
 -1   96  1.9000e+02  0.0000e+00  5.0000e+00
 -1   97  1.8250e+02  0.0000e+00  7.5000e+00
 -1   98  1.8750e+02  0.0000e+00  7.5000e+00
 -1   99  1.8500e+02  0.0000e+00  5.0000e+00
 -1  100  1.9000e+02  0.0000e+00  7.5000e+00
 -1  101  1.8000e+02  0.0000e+00  7.5000e+00
 -1  102  1.8000e+02  0.0000e+00  2.5000e+00
 -1  103  1.8250e+02  0.0000e+00  2.5000e+00
 -1  104  1.8750e+02  0.0000e+00  2.5000e+00
 -1  105  1.9000e+02  0.0000e+00  2.5000e+00
 -1  106  1.9000e+02  1.0000e+01  5.0000e+00
 -1  107  1.9000e+02  2.5000e+00  7.5000e+00
 -1  108  1.9000e+02  7.5000e+00  7.5000e+00
 -1  109  1.9000e+02  5.0000e+00  5.0000e+00
 -1  110  1.9000e+02  1.0000e+01  7.5000e+00
 -1  111  1.9000e+02  2.5000e+00  2.5000e+00
 -1  112  1.9000e+02  7.5000e+00  2.5000e+00
 -1  113  1.9000e+02  1.0000e+01  2.5000e+00
 -1  114  1.8000e+02  1.0000e+01  5.0000e+00
 -1  115  1.8750e+02  1.0000e+01  7.5000e+00
 -1  116  1.8250e+02  1.0000e+01  7.5000e+00
 -1  117  1.8500e+02  1.0000e+01  5.0000e+00
 -1  118  1.8000e+02  1.0000e+01  7.5000e+00
 -1  119  1.8750e+02  1.0000e+01  2.5000e+00
 -1  120  1.8250e+02  1.0000e+01  2.5000e+00
 -1  121  1.8000e+02  1.0000e+01  2.5000e+00
 -1  122  1.8000e+02  7.5000e+00  7.5000e+00
 -1  123  1.8000e+02  2.5000e+00  7.5000e+00
 -1  124  1.8000e+02  5.0000e+00  5.0000e+00
 -1  125  1.8000e+02  7.5000e+00  2.5000e+00
 -1  126  1.8000e+02  2.5000e+00  2.5000e+00
 -1  127  1.4000e+02  0.0000e+00  0.0000e+00
 -1  128  1.5000e+02  0.0000e+00  0.0000e+00
 -1  129  1.4000e+02  1.0000e+01  0.0000e+00
 -1  130  1.5000e+02  1.0000e+01  0.0000e+00
 -1  131  2.0000e+02  0.0000e+00  0.0000e+00
 -1  132  2.1000e+02  0.0000e+00  0.0000e+00
 -1  133  2.0000e+02  1.0000e+01  0.0000e+00
 -1  134  2.0500e+02  0.0000e+00  0.0000e+00
 -1  135  2.0500e+02  5.0000e+00  0.0000e+00
 -1  136  2.0000e+02  5.0000e+00  0.0000e+00
 -1  137  2.1000e+02  1.0000e+01  0.0000e+00
 -1  138  2.1000e+02  5.0000e+00  0.0000e+00
 -1  139  2.0500e+02  1.0000e+01  0.0000e+00
 -1  140  1.7000e+02  1.0000e+01  0.0000e+00
 -1  141  1.7000e+02  0.0000e+00  0.0000e+00
 -1  142  1.7000e+02  0.0000e+00  1.0000e+01
 -1  143  1.7000e+02  1.0000e+01  1.0000e+01
 -1  144  1.6000e+02  1.0000e+01  0.0000e+00
 -1  145  1.6000e+02  0.0000e+00  0.0000e+00
 -1  146  1.6000e+02  0.0000e+00  1.0000e+01
 -1  147  1.6000e+02  1.0000e+01  1.0000e+01
 -1  148  2.3000e+02  1.0000e+01  0.0000e+00
 -1  149  2.3000e+02  0.0000e+00  0.0000e+00
 -1  150  2.3000e+02  0.0000e+00  1.0000e+01
 -1  151  2.3000e+02  1.0000e+01  1.0000e+01
 -1  152  2.2000e+02  1.0000e+01  0.0000e+00
 -1  153  2.2000e+02  0.0000e+00  0.0000e+00
 -1  154  2.2000e+02  0.0000e+00  1.0000e+01
 -1  155  2.2000e+02  1.0000e+01  1.0000e+01
 -1  156  2.3000e+02  5.0000e+00  0.0000e+00
 -1  157  2.3000e+02  0.0000e+00  5.0000e+00
 -1  158  2.3000e+02  5.0000e+00  1.0000e+01
 -1  159  2.3000e+02  1.0000e+01  5.0000e+00
 -1  160  2.2500e+02  1.0000e+01  0.0000e+00
 -1  161  2.2500e+02  0.0000e+00  0.0000e+00
 -1  162  2.2500e+02  0.0000e+00  1.0000e+01
 -1  163  2.2500e+02  1.0000e+01  1.0000e+01
 -1  164  2.2000e+02  5.0000e+00  0.0000e+00
 -1  165  2.2000e+02  0.0000e+00  5.0000e+00
 -1  166  2.2000e+02  5.0000e+00  1.0000e+01
 -1  167  2.2000e+02  1.0000e+01  5.0000e+00
 -1  186  1.8250e+02  5.0000e+00  7.5000e+00
 -1  188  1.8500e+02  2.5000e+00  7.5000e+00
 -1  193  1.8500e+02  5.0000e+00  5.0000e+00
 -1  195  1.8250e+02  5.0000e+00  2.5000e+00
 -1  219  1.8750e+02  5.0000e+00  2.5000e+00
 -1  227  1.8750e+02  2.5000e+00  5.0000e+00
 -1  242  1.4000e+02  0.0000e+00  1.0000e+01
 -1  243  1.5000e+02  0.0000e+00  1.0000e+01
 -1  244  1.4000e+02  1.0000e+01  1.0000e+01
 -1  245  1.5000e+02  1.0000e+01  1.0000e+01
 -1  253  2.0000e+02  0.0000e+00  1.0000e+01
 -1  254  2.1000e+02  0.0000e+00  1.0000e+01
 -1  255  2.0000e+02  1.0000e+01  1.0000e+01
 -1  256  2.0500e+02  0.0000e+00  1.0000e+01
 -1  257  2.0500e+02  5.0000e+00  1.0000e+01
 -1  258  2.0000e+02  5.0000e+00  1.0000e+01
 -1  259  2.1000e+02  1.0000e+01  1.0000e+01
 -1  260  2.1000e+02  5.0000e+00  1.0000e+01
 -1  261  2.0500e+02  1.0000e+01  1.0000e+01
 -1  262  2.0000e+02  0.0000e+00  5.0000e+00
 -1  263  2.1000e+02  0.0000e+00  5.0000e+00
 -1  264  2.0000e+02  1.0000e+01  5.0000e+00
 -1  268  2.1000e+02  1.0000e+01  5.0000e+00
 -3
    3C                                                                   0
 -1    1   11    0    1
 -2    1    2
 -1    2   12    0    1
 -2    3    4    5
 -1    3   12    0    1
 -2    4    6    7
 -1    4    7    0    1
 -2    8    9   10
 -1    5    7    0    1
 -2   10    9   11
 -1    6    9    0    1
 -2   12   13   14   15
 -1    7    8    0    1
 -2   16   17   18   19   20   21
 -1    8    8    0    1
 -2   18   17   22   20   23   24
 -1    9   10    0    1
 -2   25   26   27   28   29   30   31   32
 -1   82    2    0    1
 -2  127  128  129  242  243  244
 -1   83    2    0    1
 -2  129  128  130  244  243  245
 -1   84    5    0    1
 -2  131  132  133  253  254  255  134  135  136  262  263  264  256  257  258
 -1   85    5    0    1
 -2  133  132  137  255  254  259  135  138  139  264  263  268  257  260  261
 -1   86    1    0    1
 -2  140  141  142  143  144  145  146  147
 -1   87    4    0    1
 -2  148  149  150  151  152  153  154  155  156  157  158  159  160  161  162
 -2  163  164  165  166  167
 -1   88    3    0    1
 -2   52   46   47   43
 -1   89    3    0    1
 -2   48   49   47   41
 -1   90    3    0    1
 -2   37   51   35   34
 -1   91    3    0    1
 -2   49   43   47   41
 -1   92    3    0    1
 -2   42   49   50   41
 -1   93    3    0    1
 -2   43   33   49   52
 -1   94    3    0    1
 -2   44   41   42   50
 -1   95    3    0    1
 -2   43   45   42   51
 -1   96    3    0    1
 -2   49   52   33   39
 -1   97    3    0    1
 -2   40   39   49   33
 -1   98    3    0    1
 -2   36   34   33   50
 -1   99    3    0    1
 -2   51   50   33   34
 -1  100    3    0    1
 -2   52   39   38   35
 -1  101    3    0    1
 -2   52   51   33   35
 -1  102    3    0    1
 -2   42   33   50   49
 -1  103    3    0    1
 -2   43   33   42   49
 -1  104    3    0    1
 -2   52   39   35   33
 -1  105    3    0    1
 -2   43   49   47   52
 -1  106    3    0    1
 -2   43   49   42   41
 -1  107    3    0    1
 -2   33   43   51   52
 -1  108    3    0    1
 -2   43   33   51   42
 -1  109    3    0    1
 -2   42   33   51   50
 -1  110    3    0    1
 -2   51   35   34   33
 -1  111    6    0    1
 -2  114   86   87   76  118   89  122  116   88   90
 -1  112    6    0    1
 -2   91   95   87   74  101  123   94   92   97   93
 -1  113    6    0    1
 -2   62  106   55   54  113  119   64   63  112   57
 -1  114    6    0    1
 -2   95   76   87   74  186   90  123   97   79   93
 -1  115    6    0    1
 -2   75   95   96   74  188   99  107   77   97   98
 -1  116    6    0    1
 -2   76   53   95  114  193  103  186  116  195  124
 -1  117    6    0    1
 -2   80   74   75   96   81   77   82  100   98  107
 -1  118    6    0    1
 -2   76   83   75  106   85   84   78  115  110  108
 -1  119    6    0    1
 -2   95  114   53   66  124  195  103  126  125   72
 -1  120    6    0    1
 -2   70   66   95   53   73  126  102   71   72  103
 -1  121    6    0    1
 -2   59   54   53   96   61   56   60  105  111  104
 -1  122    6    0    1
 -2  106   96   53   54  109  104  219  112  111   56
 -1  123    6    0    1
 -2  114   66   65   55  125   68  121  120   69   67
 -1  124    6    0    1
 -2  114  106   53   55  117  219  195  120  119   58
 -1  125    6    0    1
 -2   75   53   96   95  227  104  107  188  103   99
 -1  126    6    0    1
 -2   76   53   75   95  193  227   78  186  103  188
 -1  127    6    0    1
 -2  114   66   55   53  125   69  120  195   72   58
 -1  128    6    0    1
 -2   76   95   87  114  186  123   90  116  124  122
 -1  129    6    0    1
 -2   76   95   75   74  186  188   78   79   97   77
 -1  130    6    0    1
 -2   53   76  106  114  193  115  219  195  116  117
 -1  131    6    0    1
 -2   76   53  106   75  193  219  115   78  227  108
 -1  132    6    0    1
 -2   75   53  106   96  227  219  108  107  104  109
 -1  133    6    0    1
 -2  106   55   54   53  119   57  112  219   58   56
 -3
 9999
